============================= test session starts ==============================
platform darwin -- Python 3.13.9, pytest-8.4.2, pluggy-1.5.0 -- /opt/anaconda3/bin/python
cachedir: .pytest_cache
rootdir: /Users/vishnuvardhanreddypulluru/Documents/Capstone/Intelligent-IoT-Data-Management
plugins: anyio-4.10.0
collecting ... collected 74 items

correlation_alert/tests/test_configuration_api.py::test_api_returns_documented_correlation_defaults PASSED [  1%]
correlation_alert/tests/test_configuration_api.py::test_api_accepts_signed_correlation_threshold_boundaries PASSED [  2%]
correlation_alert/tests/test_configuration_api.py::test_api_rejects_invalid_configuration[window_size-0] PASSED [  4%]
correlation_alert/tests/test_configuration_api.py::test_api_rejects_invalid_configuration[window_size--1] PASSED [  5%]
correlation_alert/tests/test_configuration_api.py::test_api_rejects_invalid_configuration[window_size-1.5] PASSED [  6%]
correlation_alert/tests/test_configuration_api.py::test_api_rejects_invalid_configuration[window_size-abc] PASSED [  8%]
correlation_alert/tests/test_configuration_api.py::test_api_rejects_invalid_configuration[step_size-0] PASSED [  9%]
correlation_alert/tests/test_configuration_api.py::test_api_rejects_invalid_configuration[step_size--1] PASSED [ 10%]
correlation_alert/tests/test_configuration_api.py::test_api_rejects_invalid_configuration[step_size-1.5] PASSED [ 12%]
correlation_alert/tests/test_configuration_api.py::test_api_rejects_invalid_configuration[step_size-abc] PASSED [ 13%]
correlation_alert/tests/test_configuration_api.py::test_api_rejects_invalid_configuration[strong_corr_threshold-1.1] PASSED [ 14%]
correlation_alert/tests/test_configuration_api.py::test_api_rejects_invalid_configuration[strong_corr_threshold--1.1] PASSED [ 16%]
correlation_alert/tests/test_configuration_api.py::test_api_rejects_invalid_configuration[strong_corr_threshold-nan] PASSED [ 17%]
correlation_alert/tests/test_configuration_api.py::test_api_rejects_invalid_configuration[weak_corr_threshold-1.1] PASSED [ 18%]
correlation_alert/tests/test_configuration_api.py::test_api_rejects_invalid_configuration[weak_corr_threshold--1.1] PASSED [ 20%]
correlation_alert/tests/test_configuration_api.py::test_api_rejects_invalid_configuration[weak_corr_threshold-nan] PASSED [ 21%]
correlation_alert/tests/test_configuration_api.py::test_api_rejects_invalid_configuration[delta_threshold--0.1] PASSED [ 22%]
correlation_alert/tests/test_configuration_api.py::test_api_rejects_invalid_configuration[delta_threshold-2.1] PASSED [ 24%]
correlation_alert/tests/test_configuration_api.py::test_api_rejects_invalid_configuration[delta_threshold-nan] PASSED [ 25%]
correlation_alert/tests/test_configuration_api.py::test_api_requires_weak_threshold_below_strong_threshold PASSED [ 27%]
correlation_alert/tests/test_configuration_api.py::test_api_accepts_valid_delta_threshold[0] PASSED [ 28%]
correlation_alert/tests/test_configuration_api.py::test_api_accepts_valid_delta_threshold[1.1] PASSED [ 29%]
correlation_alert/tests/test_configuration_api.py::test_api_accepts_valid_delta_threshold[2] PASSED [ 31%]
correlation_alert/tests/test_configuration_api.py::test_api_returns_custom_configuration PASSED [ 32%]
correlation_alert/tests/test_configuration_api.py::test_api_validates_configuration_before_preprocessing PASSED [ 33%]
correlation_alert/tests/test_correlation.py::test_window_parameters_must_be_positive[0-1] PASSED [ 35%]
correlation_alert/tests/test_correlation.py::test_window_parameters_must_be_positive[-1-1] PASSED [ 36%]
correlation_alert/tests/test_correlation.py::test_window_parameters_must_be_positive[2-0] PASSED [ 37%]
correlation_alert/tests/test_correlation.py::test_window_parameters_must_be_positive[2--1] PASSED [ 39%]
correlation_alert/tests/test_correlation.py::test_supported_method_computes_correlation_matrix[pearson] PASSED [ 40%]
correlation_alert/tests/test_correlation.py::test_supported_method_computes_correlation_matrix[spearman] PASSED [ 41%]
correlation_alert/tests/test_correlation.py::test_supported_methods_match_service_contract PASSED [ 43%]
correlation_alert/tests/test_correlation.py::test_sign_reversal_between_strong_correlations_is_high PASSED [ 44%]
correlation_alert/tests/test_correlation.py::test_raw_correlations_are_used_for_threshold_decisions PASSED [ 45%]
correlation_alert/tests/test_correlation.py::test_undefined_correlations_are_reported_as_skipped_pairs PASSED [ 47%]
correlation_alert/tests/test_correlation.py::test_correlation_facade_returns_every_pipeline_stage PASSED [ 48%]
correlation_alert/tests/test_dataset_regression.py::test_real_traffic_dataset_regression PASSED [ 50%]
correlation_alert/tests/test_dataset_regression.py::test_aws_negative_control_regression PASSED [ 51%]
correlation_alert/tests/test_logging_config.py::test_configure_logging_uses_supplied_level_without_duplicate_handlers PASSED [ 52%]
correlation_alert/tests/test_main.py::test_main_combines_preprocessing_and_correlation_facades PASSED [ 54%]
correlation_alert/tests/test_preprocessing.py::test_numeric_timestamps_remain_numeric PASSED [ 55%]
correlation_alert/tests/test_preprocessing.py::test_iso_8601_timestamps_are_preserved PASSED [ 56%]
correlation_alert/tests/test_preprocessing.py::test_thingspeak_utc_timestamps_become_timezone_naive PASSED [ 58%]
correlation_alert/tests/test_preprocessing.py::test_duplicate_timestamp_is_removed PASSED [ 59%]
correlation_alert/tests/test_preprocessing.py::test_unparseable_timestamps_raise_input_error PASSED [ 60%]
correlation_alert/tests/test_preprocessing.py::test_datetime_alignment_is_optional_and_interpolates_when_enabled PASSED [ 62%]
correlation_alert/tests/test_preprocessing.py::test_at_least_two_unique_streams_are_required PASSED [ 63%]
correlation_alert/tests/test_serialization.py::test_numpy_integer_timestamp_remains_numeric PASSED [ 64%]
correlation_alert/tests/test_serialization.py::test_datetime_timestamp_uses_contract_format PASSED [ 66%]
correlation_alert/tests/test_serialization.py::test_record_timestamp_fields_are_serialized_without_mutating_input PASSED [ 67%]
correlation_alert/tests/test_serialization.py::test_correlations_are_rounded_only_in_serialized_output PASSED [ 68%]
correlation_alert/tests/test_server.py::test_service_status_reports_running_service PASSED [ 70%]
correlation_alert/tests/test_server.py::test_service_status_returns_503_when_pipeline_check_fails PASSED [ 71%]
correlation_alert/tests/test_server.py::test_csv_upload_returns_pipeline_response PASSED [ 72%]
correlation_alert/tests/test_server.py::test_api_uses_custom_delta_threshold PASSED [ 74%]
correlation_alert/tests/test_server.py::test_api_accepts_supported_method[pearson] PASSED [ 75%]
correlation_alert/tests/test_server.py::test_api_accepts_supported_method[spearman] PASSED [ 77%]
correlation_alert/tests/test_server.py::test_invalid_method_returns_400 PASSED [ 78%]
correlation_alert/tests/test_server.py::test_invalid_threshold_returns_400 PASSED [ 79%]
correlation_alert/tests/test_server.py::test_success_log_has_request_metadata_without_raw_sensor_values PASSED [ 81%]
correlation_alert/tests/test_server.py::test_invalid_request_logs_failure_with_response_request_id PASSED [ 82%]
correlation_alert/tests/test_server.py::test_internal_failure_log_omits_exception_message PASSED [ 83%]
correlation_alert/tests/test_server.py::test_request_over_timeout_budget_logs_slow_event PASSED [ 85%]
correlation_alert/tests/test_server.py::test_startup_log_reports_active_operational_settings PASSED [ 86%]
correlation_alert/tests/test_server.py::test_empty_request_returns_structured_400 PASSED [ 87%]
correlation_alert/tests/test_server.py::test_non_csv_upload_returns_structured_400 PASSED [ 89%]
correlation_alert/tests/test_server.py::test_empty_csv_returns_structured_400 PASSED [ 90%]
correlation_alert/tests/test_server.py::test_missing_timestamp_column_returns_structured_400 PASSED [ 91%]
correlation_alert/tests/test_server.py::test_missing_selected_stream_returns_structured_400 PASSED [ 93%]
correlation_alert/tests/test_server.py::test_single_selected_stream_returns_structured_400 PASSED [ 94%]
correlation_alert/tests/test_server.py::test_window_larger_than_dataset_returns_422 PASSED [ 95%]
correlation_alert/tests/test_server.py::test_oversized_upload_returns_structured_error PASSED [ 97%]
correlation_alert/tests/test_settings.py::test_load_settings_reads_runtime_environment PASSED [ 98%]
correlation_alert/tests/test_settings.py::test_load_settings_uses_safe_defaults_for_invalid_values PASSED [100%]

============================== 74 passed in 0.93s ==============================
